Flow report for DataArray
Sat Aug 17 20:14:08 2019
Quartus II 64-Bit Version 14.1.0 Build 186 12/03/2014 SJ Full Version


---------------------
; Table of Contents ;
---------------------
  1. Legal Notice
  2. Flow Summary
  3. Flow Settings
  4. Flow Non-Default Global Settings
  5. Flow Elapsed Time
  6. Flow OS Summary
  7. Flow Log
  8. Flow Messages
  9. Flow Suppressed Messages



----------------
; Legal Notice ;
----------------
Copyright (C) 1991-2014 Altera Corporation. All rights reserved.
Your use of Altera Corporation's design tools, logic functions 
and other software and tools, and its AMPP partner logic 
functions, and any output files from any of the foregoing 
(including device programming or simulation files), and any 
associated documentation or information are expressly subject 
to the terms and conditions of the Altera Program License 
Subscription Agreement, the Altera Quartus II License Agreement,
the Altera MegaCore Function License Agreement, or other 
applicable license agreement, including, without limitation, 
that your use is for the sole purpose of programming logic 
devices manufactured by Altera and sold by Altera or its 
authorized distributors.  Please refer to the applicable 
agreement for further details.



+----------------------------------------------------------------------------------+
; Flow Summary                                                                     ;
+------------------------------------+---------------------------------------------+
; Flow Status                        ; Successful - Sat Aug 17 20:14:00 2019       ;
; Quartus II 64-Bit Version          ; 14.1.0 Build 186 12/03/2014 SJ Full Version ;
; Revision Name                      ; DataArray                                   ;
; Top-level Entity Name              ; DataArray                                   ;
; Family                             ; Cyclone IV GX                               ;
; Device                             ; EP4CGX15BF14C8                              ;
; Timing Models                      ; Final                                       ;
; Total logic elements               ; 970 / 14,400 ( 7 % )                        ;
;     Total combinational functions  ; 569 / 14,400 ( 4 % )                        ;
;     Dedicated logic registers      ; 820 / 14,400 ( 6 % )                        ;
; Total registers                    ; 820                                         ;
; Total pins                         ; 50 / 81 ( 62 % )                            ;
; Total virtual pins                 ; 0                                           ;
; Total memory bits                  ; 0 / 552,960 ( 0 % )                         ;
; Embedded Multiplier 9-bit elements ; 0                                           ;
; Total GXB Receiver Channel PCS     ; 0 / 2 ( 0 % )                               ;
; Total GXB Receiver Channel PMA     ; 0 / 2 ( 0 % )                               ;
; Total GXB Transmitter Channel PCS  ; 0 / 2 ( 0 % )                               ;
; Total GXB Transmitter Channel PMA  ; 0 / 2 ( 0 % )                               ;
; Total PLLs                         ; 0 / 3 ( 0 % )                               ;
+------------------------------------+---------------------------------------------+


+-----------------------------------------+
; Flow Settings                           ;
+-------------------+---------------------+
; Option            ; Setting             ;
+-------------------+---------------------+
; Start date & time ; 08/17/2019 20:13:18 ;
; Main task         ; Compilation         ;
; Revision Name     ; DataArray           ;
+-------------------+---------------------+


+------------------------------------------------------------------------------------------------------------------------+
; Flow Non-Default Global Settings                                                                                       ;
+-------------------------------------+---------------------------------------+---------------+-------------+------------+
; Assignment Name                     ; Value                                 ; Default Value ; Entity Name ; Section Id ;
+-------------------------------------+---------------------------------------+---------------+-------------+------------+
; COMPILER_SIGNATURE_ID               ; 128454777248582.156604399828860       ; --            ; --          ; --         ;
; MAX_CORE_JUNCTION_TEMP              ; 85                                    ; --            ; --          ; --         ;
; MIN_CORE_JUNCTION_TEMP              ; 0                                     ; --            ; --          ; --         ;
; PARTITION_COLOR                     ; 16764057                              ; --            ; --          ; Top        ;
; PARTITION_FITTER_PRESERVATION_LEVEL ; PLACEMENT_AND_ROUTING                 ; --            ; --          ; Top        ;
; PARTITION_NETLIST_TYPE              ; SOURCE                                ; --            ; --          ; Top        ;
; POWER_BOARD_THERMAL_MODEL           ; None (CONSERVATIVE)                   ; --            ; --          ; --         ;
; POWER_PRESET_COOLING_SOLUTION       ; 23 MM HEAT SINK WITH 200 LFPM AIRFLOW ; --            ; --          ; --         ;
; PROJECT_OUTPUT_DIRECTORY            ; output_files                          ; --            ; --          ; --         ;
+-------------------------------------+---------------------------------------+---------------+-------------+------------+


+-------------------------------------------------------------------------------------------------------------------------------+
; Flow Elapsed Time                                                                                                             ;
+---------------------------+--------------+-------------------------+---------------------+------------------------------------+
; Module Name               ; Elapsed Time ; Average Processors Used ; Peak Virtual Memory ; Total CPU Time (on all processors) ;
+---------------------------+--------------+-------------------------+---------------------+------------------------------------+
; Analysis & Synthesis      ; 00:00:15     ; 1.0                     ; 694 MB              ; 00:00:25                           ;
; Fitter                    ; 00:00:15     ; 1.5                     ; 1418 MB             ; 00:00:14                           ;
; Assembler                 ; 00:00:02     ; 1.0                     ; 608 MB              ; 00:00:01                           ;
; TimeQuest Timing Analyzer ; 00:00:05     ; 1.0                     ; 649 MB              ; 00:00:03                           ;
; Total                     ; 00:00:37     ; --                      ; --                  ; 00:00:43                           ;
+---------------------------+--------------+-------------------------+---------------------+------------------------------------+


+----------------------------------------------------------------------------------------+
; Flow OS Summary                                                                        ;
+---------------------------+------------------+-----------+------------+----------------+
; Module Name               ; Machine Hostname ; OS Name   ; OS Version ; Processor type ;
+---------------------------+------------------+-----------+------------+----------------+
; Analysis & Synthesis      ; PC-20181014UOPA  ; Windows 7 ; 6.1        ; x86_64         ;
; Fitter                    ; PC-20181014UOPA  ; Windows 7 ; 6.1        ; x86_64         ;
; Assembler                 ; PC-20181014UOPA  ; Windows 7 ; 6.1        ; x86_64         ;
; TimeQuest Timing Analyzer ; PC-20181014UOPA  ; Windows 7 ; 6.1        ; x86_64         ;
+---------------------------+------------------+-----------+------------+----------------+


------------
; Flow Log ;
------------
quartus_map --read_settings_files=on --write_settings_files=off DataArray -c DataArray
quartus_fit --read_settings_files=off --write_settings_files=off DataArray -c DataArray
quartus_asm --read_settings_files=off --write_settings_files=off DataArray -c DataArray
quartus_sta DataArray -c DataArray



